-- The C compiler identification is Clang 18.1.3
-- The CXX compiler identification is Clang 18.1.3
-- Detecting C compiler ABI info
-- Detecting C compiler ABI info - done
-- Check for working C compiler: /usr/bin/clang - skipped
-- Detecting C compile features
-- Detecting C compile features - done
-- Detecting CXX compiler ABI info
-- Detecting CXX compiler ABI info - done
-- Check for working CXX compiler: /usr/bin/clang++ - skipped
-- Detecting CXX compile features
-- Detecting CXX compile features - done
-- Found ament_cmake: 2.5.2 (/opt/ros/jazzy/share/ament_cmake/cmake)
-- Found Python3: /usr/bin/python3 (found version "3.12.3") found components: Interpreter 
-- Configuring done (4.2s)
-- Generating done (0.0s)
-- Build files have been written to: /root/rmf_ws/src/demonstrations/rmf_demos/build/rmf_demos_maps
[ 12%] [34m[1mGenerating maps/airport_terminal/airport_terminal.world[0m
[ 16%] [34m[1mGenerating maps/battle_royale/battle_royale.world[0m
[ 16%] [34m[1mGenerating maps/airport_terminal/nav_graphs/phony[0m
[ 16%] [34m[1mGenerating maps/battle_royale/nav_graphs/phony[0m
