-- The C compiler identification is Clang 18.1.3
-- The CXX compiler identification is Clang 18.1.3
-- Detecting C compiler ABI info
-- Detecting C compiler ABI info - done
-- Check for working C compiler: /usr/bin/clang - skipped
-- Detecting C compile features
-- Detecting C compile features - done
-- Detecting CXX compiler ABI info
-- Detecting CXX compiler ABI info - done
-- Check for working CXX compiler: /usr/bin/clang++ - skipped
-- Detecting CXX compile features
-- Detecting CXX compile features - done
-- Found ament_cmake: 2.5.2 (/opt/ros/jazzy/share/ament_cmake/cmake)
-- Found Python3: /usr/bin/python3 (found version "3.12.3") found components: Interpreter 
[0mBUILDING WORLDFILE WITH COMMAND: ros2 run rmf_building_map_tools building_map_generator gazebo /root/rmf_ws/src/demonstrations/rmf_demos/rmf_demos_maps/maps/airport_terminal/airport_terminal.building.yaml /root/rmf_ws/src/demonstrations/rmf_demos/build/rmf_demos_maps/maps/airport_terminal/airport_terminal.world /root/rmf_ws/src/demonstrations/rmf_demos/build/rmf_demos_maps/maps/airport_terminal/models[0m
[0mDOWNLOADING MODELS WITH COMMAND: ros2 run rmf_building_map_tools building_map_model_downloader /root/rmf_ws/src/demonstrations/rmf_demos/rmf_demos_maps/maps/airport_terminal/airport_terminal.building.yaml[0m
[0mBUILDING WORLDFILE WITH COMMAND: ros2 run rmf_building_map_tools building_map_generator gazebo /root/rmf_ws/src/demonstrations/rmf_demos/rmf_demos_maps/maps/battle_royale/battle_royale.building.yaml /root/rmf_ws/src/demonstrations/rmf_demos/build/rmf_demos_maps/maps/battle_royale/battle_royale.world /root/rmf_ws/src/demonstrations/rmf_demos/build/rmf_demos_maps/maps/battle_royale/models[0m
[0mDOWNLOADING MODELS WITH COMMAND: ros2 run rmf_building_map_tools building_map_model_downloader /root/rmf_ws/src/demonstrations/rmf_demos/rmf_demos_maps/maps/battle_royale/battle_royale.building.yaml[0m
[0mBUILDING WORLDFILE WITH COMMAND: ros2 run rmf_building_map_tools building_map_generator gazebo /root/rmf_ws/src/demonstrations/rmf_demos/rmf_demos_maps/maps/campus/campus.building.yaml /root/rmf_ws/src/demonstrations/rmf_demos/build/rmf_demos_maps/maps/campus/campus.world /root/rmf_ws/src/demonstrations/rmf_demos/build/rmf_demos_maps/maps/campus/models[0m
[0mDOWNLOADING MODELS WITH COMMAND: ros2 run rmf_building_map_tools building_map_model_downloader /root/rmf_ws/src/demonstrations/rmf_demos/rmf_demos_maps/maps/campus/campus.building.yaml[0m
[0mBUILDING WORLDFILE WITH COMMAND: ros2 run rmf_building_map_tools building_map_generator gazebo /root/rmf_ws/src/demonstrations/rmf_demos/rmf_demos_maps/maps/clinic/clinic.building.yaml /root/rmf_ws/src/demonstrations/rmf_demos/build/rmf_demos_maps/maps/clinic/clinic.world /root/rmf_ws/src/demonstrations/rmf_demos/build/rmf_demos_maps/maps/clinic/models[0m
[0mDOWNLOADING MODELS WITH COMMAND: ros2 run rmf_building_map_tools building_map_model_downloader /root/rmf_ws/src/demonstrations/rmf_demos/rmf_demos_maps/maps/clinic/clinic.building.yaml[0m
[0mBUILDING WORLDFILE WITH COMMAND: ros2 run rmf_building_map_tools building_map_generator gazebo /root/rmf_ws/src/demonstrations/rmf_demos/rmf_demos_maps/maps/domodedovo/domodedovo.building.yaml /root/rmf_ws/src/demonstrations/rmf_demos/build/rmf_demos_maps/maps/domodedovo/domodedovo.world /root/rmf_ws/src/demonstrations/rmf_demos/build/rmf_demos_maps/maps/domodedovo/models[0m
[0mDOWNLOADING MODELS WITH COMMAND: ros2 run rmf_building_map_tools building_map_model_downloader /root/rmf_ws/src/demonstrations/rmf_demos/rmf_demos_maps/maps/domodedovo/domodedovo.building.yaml[0m
[0mBUILDING WORLDFILE WITH COMMAND: ros2 run rmf_building_map_tools building_map_generator gazebo /root/rmf_ws/src/demonstrations/rmf_demos/rmf_demos_maps/maps/hotel/hotel.building.yaml /root/rmf_ws/src/demonstrations/rmf_demos/build/rmf_demos_maps/maps/hotel/hotel.world /root/rmf_ws/src/demonstrations/rmf_demos/build/rmf_demos_maps/maps/hotel/models[0m
[0mDOWNLOADING MODELS WITH COMMAND: ros2 run rmf_building_map_tools building_map_model_downloader /root/rmf_ws/src/demonstrations/rmf_demos/rmf_demos_maps/maps/hotel/hotel.building.yaml[0m
[0mBUILDING WORLDFILE WITH COMMAND: ros2 run rmf_building_map_tools building_map_generator gazebo /root/rmf_ws/src/demonstrations/rmf_demos/rmf_demos_maps/maps/office/office.building.yaml /root/rmf_ws/src/demonstrations/rmf_demos/build/rmf_demos_maps/maps/office/office.world /root/rmf_ws/src/demonstrations/rmf_demos/build/rmf_demos_maps/maps/office/models[0m
[0mDOWNLOADING MODELS WITH COMMAND: ros2 run rmf_building_map_tools building_map_model_downloader /root/rmf_ws/src/demonstrations/rmf_demos/rmf_demos_maps/maps/office/office.building.yaml[0m
[0mBUILDING WORLDFILE WITH COMMAND: ros2 run rmf_building_map_tools building_map_generator gazebo /root/rmf_ws/src/demonstrations/rmf_demos/rmf_demos_maps/maps/triple_H/triple_H.building.yaml /root/rmf_ws/src/demonstrations/rmf_demos/build/rmf_demos_maps/maps/triple_H/triple_H.world /root/rmf_ws/src/demonstrations/rmf_demos/build/rmf_demos_maps/maps/triple_H/models[0m
[0mDOWNLOADING MODELS WITH COMMAND: ros2 run rmf_building_map_tools building_map_model_downloader /root/rmf_ws/src/demonstrations/rmf_demos/rmf_demos_maps/maps/triple_H/triple_H.building.yaml[0m
-- Configuring done (4.2s)
-- Generating done (0.0s)
-- Build files have been written to: /root/rmf_ws/src/demonstrations/rmf_demos/build/rmf_demos_maps
[ 12%] [34m[1mGenerating maps/airport_terminal/airport_terminal.world[0m
[ 16%] [34m[1mGenerating maps/battle_royale/battle_royale.world[0m
[ 16%] [34m[1mGenerating maps/airport_terminal/nav_graphs/phony[0m
[ 16%] [34m[1mGenerating maps/battle_royale/nav_graphs/phony[0m
Package 'rmf_building_map_tools' not found
Package 'rmf_building_map_tools' not found
Package 'rmf_building_map_tools' not found
Package 'rmf_building_map_tools' not found
gmake[2]: *** [CMakeFiles/generate_battle_royale_nav_graphs.dir/build.make:73: maps/battle_royale/nav_graphs/phony] Error 1
gmake[1]: *** [CMakeFiles/Makefile2:245: CMakeFiles/generate_battle_royale_nav_graphs.dir/all] Error 2
gmake[1]: *** Waiting for unfinished jobs....
gmake[2]: *** [CMakeFiles/generate_airport_terminal_crowdsim.dir/build.make:77: maps/airport_terminal/airport_terminal.world] Error 1
gmake[1]: *** [CMakeFiles/Makefile2:167: CMakeFiles/generate_airport_terminal_crowdsim.dir/all] Error 2
gmake[2]: *** [CMakeFiles/generate_battle_royale_crowdsim.dir/build.make:77: maps/battle_royale/battle_royale.world] Error 1
gmake[1]: *** [CMakeFiles/Makefile2:219: CMakeFiles/generate_battle_royale_crowdsim.dir/all] Error 2
gmake[2]: *** [CMakeFiles/generate_airport_terminal_nav_graphs.dir/build.make:73: maps/airport_terminal/nav_graphs/phony] Error 1
gmake[1]: *** [CMakeFiles/Makefile2:193: CMakeFiles/generate_airport_terminal_nav_graphs.dir/all] Error 2
gmake: *** [Makefile:146: all] Error 2
