[0.030s] Invoking command in '/root/rmf_ws/src/demonstrations/rmf_demos/build/rmf_demos_maps': CMAKE_PREFIX_PATH=${CMAKE_PREFIX_PATH}:/opt/ros/jazzy /usr/bin/cmake /root/rmf_ws/src/demonstrations/rmf_demos/rmf_demos_maps -DCMAKE_BUILD_TYPE=Release -DCMAKE_INSTALL_PREFIX=/root/rmf_ws/src/demonstrations/rmf_demos/install/rmf_demos_maps
[2.928s] -- The C compiler identification is Clang 18.1.3
[3.115s] -- The CXX compiler identification is Clang 18.1.3
[3.228s] -- Detecting C compiler ABI info
[3.429s] -- Detecting C compiler ABI info - done
[3.438s] -- Check for working C compiler: /usr/bin/clang - skipped
[3.440s] -- Detecting C compile features
[3.441s] -- Detecting C compile features - done
[3.475s] -- Detecting CXX compiler ABI info
[3.675s] -- Detecting CXX compiler ABI info - done
[3.683s] -- Check for working CXX compiler: /usr/bin/clang++ - skipped
[3.684s] -- Detecting CXX compile features
[3.684s] -- Detecting CXX compile features - done
[3.773s] -- Found ament_cmake: 2.5.2 (/opt/ros/jazzy/share/ament_cmake/cmake)
[3.989s] -- Found Python3: /usr/bin/python3 (found version "3.12.3") found components: Interpreter 
[4.369s] [0mBUILDING WORLDFILE WITH COMMAND: ros2 run rmf_building_map_tools building_map_generator gazebo /root/rmf_ws/src/demonstrations/rmf_demos/rmf_demos_maps/maps/airport_terminal/airport_terminal.building.yaml /root/rmf_ws/src/demonstrations/rmf_demos/build/rmf_demos_maps/maps/airport_terminal/airport_terminal.world /root/rmf_ws/src/demonstrations/rmf_demos/build/rmf_demos_maps/maps/airport_terminal/models[0m
[4.370s] [0mDOWNLOADING MODELS WITH COMMAND: ros2 run rmf_building_map_tools building_map_model_downloader /root/rmf_ws/src/demonstrations/rmf_demos/rmf_demos_maps/maps/airport_terminal/airport_terminal.building.yaml[0m
[4.371s] [0mBUILDING WORLDFILE WITH COMMAND: ros2 run rmf_building_map_tools building_map_generator gazebo /root/rmf_ws/src/demonstrations/rmf_demos/rmf_demos_maps/maps/battle_royale/battle_royale.building.yaml /root/rmf_ws/src/demonstrations/rmf_demos/build/rmf_demos_maps/maps/battle_royale/battle_royale.world /root/rmf_ws/src/demonstrations/rmf_demos/build/rmf_demos_maps/maps/battle_royale/models[0m
[4.371s] [0mDOWNLOADING MODELS WITH COMMAND: ros2 run rmf_building_map_tools building_map_model_downloader /root/rmf_ws/src/demonstrations/rmf_demos/rmf_demos_maps/maps/battle_royale/battle_royale.building.yaml[0m
[4.371s] [0mBUILDING WORLDFILE WITH COMMAND: ros2 run rmf_building_map_tools building_map_generator gazebo /root/rmf_ws/src/demonstrations/rmf_demos/rmf_demos_maps/maps/campus/campus.building.yaml /root/rmf_ws/src/demonstrations/rmf_demos/build/rmf_demos_maps/maps/campus/campus.world /root/rmf_ws/src/demonstrations/rmf_demos/build/rmf_demos_maps/maps/campus/models[0m
[4.371s] [0mDOWNLOADING MODELS WITH COMMAND: ros2 run rmf_building_map_tools building_map_model_downloader /root/rmf_ws/src/demonstrations/rmf_demos/rmf_demos_maps/maps/campus/campus.building.yaml[0m
[4.371s] [0mBUILDING WORLDFILE WITH COMMAND: ros2 run rmf_building_map_tools building_map_generator gazebo /root/rmf_ws/src/demonstrations/rmf_demos/rmf_demos_maps/maps/clinic/clinic.building.yaml /root/rmf_ws/src/demonstrations/rmf_demos/build/rmf_demos_maps/maps/clinic/clinic.world /root/rmf_ws/src/demonstrations/rmf_demos/build/rmf_demos_maps/maps/clinic/models[0m
[4.372s] [0mDOWNLOADING MODELS WITH COMMAND: ros2 run rmf_building_map_tools building_map_model_downloader /root/rmf_ws/src/demonstrations/rmf_demos/rmf_demos_maps/maps/clinic/clinic.building.yaml[0m
[4.372s] [0mBUILDING WORLDFILE WITH COMMAND: ros2 run rmf_building_map_tools building_map_generator gazebo /root/rmf_ws/src/demonstrations/rmf_demos/rmf_demos_maps/maps/domodedovo/domodedovo.building.yaml /root/rmf_ws/src/demonstrations/rmf_demos/build/rmf_demos_maps/maps/domodedovo/domodedovo.world /root/rmf_ws/src/demonstrations/rmf_demos/build/rmf_demos_maps/maps/domodedovo/models[0m
[4.372s] [0mDOWNLOADING MODELS WITH COMMAND: ros2 run rmf_building_map_tools building_map_model_downloader /root/rmf_ws/src/demonstrations/rmf_demos/rmf_demos_maps/maps/domodedovo/domodedovo.building.yaml[0m
[4.372s] [0mBUILDING WORLDFILE WITH COMMAND: ros2 run rmf_building_map_tools building_map_generator gazebo /root/rmf_ws/src/demonstrations/rmf_demos/rmf_demos_maps/maps/hotel/hotel.building.yaml /root/rmf_ws/src/demonstrations/rmf_demos/build/rmf_demos_maps/maps/hotel/hotel.world /root/rmf_ws/src/demonstrations/rmf_demos/build/rmf_demos_maps/maps/hotel/models[0m
[4.372s] [0mDOWNLOADING MODELS WITH COMMAND: ros2 run rmf_building_map_tools building_map_model_downloader /root/rmf_ws/src/demonstrations/rmf_demos/rmf_demos_maps/maps/hotel/hotel.building.yaml[0m
[4.372s] [0mBUILDING WORLDFILE WITH COMMAND: ros2 run rmf_building_map_tools building_map_generator gazebo /root/rmf_ws/src/demonstrations/rmf_demos/rmf_demos_maps/maps/office/office.building.yaml /root/rmf_ws/src/demonstrations/rmf_demos/build/rmf_demos_maps/maps/office/office.world /root/rmf_ws/src/demonstrations/rmf_demos/build/rmf_demos_maps/maps/office/models[0m
[4.372s] [0mDOWNLOADING MODELS WITH COMMAND: ros2 run rmf_building_map_tools building_map_model_downloader /root/rmf_ws/src/demonstrations/rmf_demos/rmf_demos_maps/maps/office/office.building.yaml[0m
[4.372s] [0mBUILDING WORLDFILE WITH COMMAND: ros2 run rmf_building_map_tools building_map_generator gazebo /root/rmf_ws/src/demonstrations/rmf_demos/rmf_demos_maps/maps/triple_H/triple_H.building.yaml /root/rmf_ws/src/demonstrations/rmf_demos/build/rmf_demos_maps/maps/triple_H/triple_H.world /root/rmf_ws/src/demonstrations/rmf_demos/build/rmf_demos_maps/maps/triple_H/models[0m
[4.372s] [0mDOWNLOADING MODELS WITH COMMAND: ros2 run rmf_building_map_tools building_map_model_downloader /root/rmf_ws/src/demonstrations/rmf_demos/rmf_demos_maps/maps/triple_H/triple_H.building.yaml[0m
[4.373s] -- Configuring done (4.2s)
[4.387s] -- Generating done (0.0s)
[4.389s] -- Build files have been written to: /root/rmf_ws/src/demonstrations/rmf_demos/build/rmf_demos_maps
[4.395s] Invoked command in '/root/rmf_ws/src/demonstrations/rmf_demos/build/rmf_demos_maps' returned '0': CMAKE_PREFIX_PATH=${CMAKE_PREFIX_PATH}:/opt/ros/jazzy /usr/bin/cmake /root/rmf_ws/src/demonstrations/rmf_demos/rmf_demos_maps -DCMAKE_BUILD_TYPE=Release -DCMAKE_INSTALL_PREFIX=/root/rmf_ws/src/demonstrations/rmf_demos/install/rmf_demos_maps
[4.397s] Invoking command in '/root/rmf_ws/src/demonstrations/rmf_demos/build/rmf_demos_maps': CMAKE_PREFIX_PATH=${CMAKE_PREFIX_PATH}:/opt/ros/jazzy /usr/bin/cmake --build /root/rmf_ws/src/demonstrations/rmf_demos/build/rmf_demos_maps -- -j4 -l4
[4.464s] [ 12%] [34m[1mGenerating maps/airport_terminal/airport_terminal.world[0m
[4.465s] [ 16%] [34m[1mGenerating maps/battle_royale/battle_royale.world[0m
[4.465s] [ 16%] [34m[1mGenerating maps/airport_terminal/nav_graphs/phony[0m
[4.465s] [ 16%] [34m[1mGenerating maps/battle_royale/nav_graphs/phony[0m
[4.800s] Package 'rmf_building_map_tools' not found
[4.801s] Package 'rmf_building_map_tools' not found
[4.801s] Package 'rmf_building_map_tools' not found
[4.801s] Package 'rmf_building_map_tools' not found
[4.825s] gmake[2]: *** [CMakeFiles/generate_battle_royale_nav_graphs.dir/build.make:73: maps/battle_royale/nav_graphs/phony] Error 1
[4.825s] gmake[1]: *** [CMakeFiles/Makefile2:245: CMakeFiles/generate_battle_royale_nav_graphs.dir/all] Error 2
[4.825s] gmake[1]: *** Waiting for unfinished jobs....
[4.826s] gmake[2]: *** [CMakeFiles/generate_airport_terminal_crowdsim.dir/build.make:77: maps/airport_terminal/airport_terminal.world] Error 1
[4.826s] gmake[1]: *** [CMakeFiles/Makefile2:167: CMakeFiles/generate_airport_terminal_crowdsim.dir/all] Error 2
[4.826s] gmake[2]: *** [CMakeFiles/generate_battle_royale_crowdsim.dir/build.make:77: maps/battle_royale/battle_royale.world] Error 1
[4.826s] gmake[1]: *** [CMakeFiles/Makefile2:219: CMakeFiles/generate_battle_royale_crowdsim.dir/all] Error 2
[4.827s] gmake[2]: *** [CMakeFiles/generate_airport_terminal_nav_graphs.dir/build.make:73: maps/airport_terminal/nav_graphs/phony] Error 1
[4.827s] gmake[1]: *** [CMakeFiles/Makefile2:193: CMakeFiles/generate_airport_terminal_nav_graphs.dir/all] Error 2
[4.827s] gmake: *** [Makefile:146: all] Error 2
[4.830s] Invoked command in '/root/rmf_ws/src/demonstrations/rmf_demos/build/rmf_demos_maps' returned '2': CMAKE_PREFIX_PATH=${CMAKE_PREFIX_PATH}:/opt/ros/jazzy /usr/bin/cmake --build /root/rmf_ws/src/demonstrations/rmf_demos/build/rmf_demos_maps -- -j4 -l4
