[1.134s] DEBUG:colcon:Command line arguments: ['/usr/bin/colcon', 'build', '--packages-above', 'rmf_demos_maps', '--cmake-args', '-DCMAKE_BUILD_TYPE=Release']
[1.135s] DEBUG:colcon:Parsed command line arguments: Namespace(log_base=None, log_level=None, verb_name='build', build_base='build', install_base='install', merge_install=False, symlink_install=False, test_result_base=None, continue_on_error=False, executor='parallel', parallel_workers=4, event_handlers=None, ignore_user_meta=False, metas=['./colcon.meta'], base_paths=['.'], packages_ignore=None, packages_ignore_regex=None, paths=None, packages_up_to=None, packages_up_to_regex=None, packages_above=['rmf_demos_maps'], packages_above_and_dependencies=None, packages_above_depth=None, packages_select_by_dep=None, packages_skip_by_dep=None, packages_skip_up_to=None, packages_select_build_failed=False, packages_skip_build_finished=False, packages_select_test_failures=False, packages_skip_test_passed=False, packages_select=None, packages_skip=None, packages_select_regex=None, packages_skip_regex=None, packages_start=None, packages_end=None, allow_overriding=[], cmake_args=['-DCMAKE_BUILD_TYPE=Release'], cmake_target=None, cmake_target_skip_unavailable=False, cmake_clean_cache=False, cmake_clean_first=False, cmake_force_configure=False, ament_cmake_args=None, catkin_cmake_args=None, catkin_skip_building_tests=False, mixin_files=None, mixin=None, verb_parser=<colcon_mixin.mixin.mixin_argument.MixinArgumentDecorator object at 0x753508e3f830>, verb_extension=<colcon_core.verb.build.BuildVerb object at 0x753508e3f590>, main=<bound method BuildVerb.main of <colcon_core.verb.build.BuildVerb object at 0x753508e3f590>>, mixin_verb=('build',))
[1.423s] Level 1:colcon.colcon_core.package_discovery:discover_packages(colcon_meta) check parameters
[1.423s] Level 1:colcon.colcon_core.package_discovery:discover_packages(recursive) check parameters
[1.423s] Level 1:colcon.colcon_core.package_discovery:discover_packages(ignore) check parameters
[1.423s] Level 1:colcon.colcon_core.package_discovery:discover_packages(path) check parameters
[1.423s] Level 1:colcon.colcon_core.package_discovery:discover_packages(colcon_meta) discover
[1.423s] Level 1:colcon.colcon_core.package_discovery:discover_packages(recursive) discover
[1.423s] INFO:colcon.colcon_core.package_discovery:Crawling recursively for packages in '/root/rmf_ws/src/demonstrations/rmf_demos'
[1.423s] Level 1:colcon.colcon_core.package_identification:_identify(.) by extensions ['ignore', 'ignore_ament_install']
[1.423s] Level 1:colcon.colcon_core.package_identification:_identify(.) by extension 'ignore'
[1.423s] Level 1:colcon.colcon_core.package_identification:_identify(.) by extension 'ignore_ament_install'
[1.423s] Level 1:colcon.colcon_core.package_identification:_identify(.) by extensions ['colcon_pkg']
[1.423s] Level 1:colcon.colcon_core.package_identification:_identify(.) by extension 'colcon_pkg'
[1.424s] Level 1:colcon.colcon_core.package_identification:_identify(.) by extensions ['colcon_meta']
[1.424s] Level 1:colcon.colcon_core.package_identification:_identify(.) by extension 'colcon_meta'
[1.424s] Level 1:colcon.colcon_core.package_identification:_identify(.) by extensions ['ros']
[1.424s] Level 1:colcon.colcon_core.package_identification:_identify(.) by extension 'ros'
[1.499s] Level 1:colcon.colcon_core.package_identification:_identify(.) by extensions ['cmake', 'python']
[1.499s] Level 1:colcon.colcon_core.package_identification:_identify(.) by extension 'cmake'
[1.499s] Level 1:colcon.colcon_core.package_identification:_identify(.) by extension 'python'
[1.499s] Level 1:colcon.colcon_core.package_identification:_identify(.) by extensions ['python_setup_py']
[1.499s] Level 1:colcon.colcon_core.package_identification:_identify(.) by extension 'python_setup_py'
[1.499s] Level 1:colcon.colcon_core.package_identification:_identify(build) by extensions ['ignore', 'ignore_ament_install']
[1.500s] Level 1:colcon.colcon_core.package_identification:_identify(build) by extension 'ignore'
[1.500s] Level 1:colcon.colcon_core.package_identification:_identify(build) ignored
[1.501s] Level 1:colcon.colcon_core.package_identification:_identify(docs) by extensions ['ignore', 'ignore_ament_install']
[1.501s] Level 1:colcon.colcon_core.package_identification:_identify(docs) by extension 'ignore'
[1.501s] Level 1:colcon.colcon_core.package_identification:_identify(docs) by extension 'ignore_ament_install'
[1.501s] Level 1:colcon.colcon_core.package_identification:_identify(docs) by extensions ['colcon_pkg']
[1.501s] Level 1:colcon.colcon_core.package_identification:_identify(docs) by extension 'colcon_pkg'
[1.501s] Level 1:colcon.colcon_core.package_identification:_identify(docs) by extensions ['colcon_meta']
[1.501s] Level 1:colcon.colcon_core.package_identification:_identify(docs) by extension 'colcon_meta'
[1.501s] Level 1:colcon.colcon_core.package_identification:_identify(docs) by extensions ['ros']
[1.501s] Level 1:colcon.colcon_core.package_identification:_identify(docs) by extension 'ros'
[1.501s] Level 1:colcon.colcon_core.package_identification:_identify(docs) by extensions ['cmake', 'python']
[1.501s] Level 1:colcon.colcon_core.package_identification:_identify(docs) by extension 'cmake'
[1.501s] Level 1:colcon.colcon_core.package_identification:_identify(docs) by extension 'python'
[1.501s] Level 1:colcon.colcon_core.package_identification:_identify(docs) by extensions ['python_setup_py']
[1.501s] Level 1:colcon.colcon_core.package_identification:_identify(docs) by extension 'python_setup_py'
[1.501s] Level 1:colcon.colcon_core.package_identification:_identify(install) by extensions ['ignore', 'ignore_ament_install']
[1.502s] Level 1:colcon.colcon_core.package_identification:_identify(install) by extension 'ignore'
[1.502s] Level 1:colcon.colcon_core.package_identification:_identify(install) ignored
[1.502s] Level 1:colcon.colcon_core.package_identification:_identify(log) by extensions ['ignore', 'ignore_ament_install']
[1.502s] Level 1:colcon.colcon_core.package_identification:_identify(log) by extension 'ignore'
[1.502s] Level 1:colcon.colcon_core.package_identification:_identify(log) ignored
[1.503s] Level 1:colcon.colcon_core.package_identification:_identify(rmf_demos) by extensions ['ignore', 'ignore_ament_install']
[1.503s] Level 1:colcon.colcon_core.package_identification:_identify(rmf_demos) by extension 'ignore'
[1.503s] Level 1:colcon.colcon_core.package_identification:_identify(rmf_demos) by extension 'ignore_ament_install'
[1.503s] Level 1:colcon.colcon_core.package_identification:_identify(rmf_demos) by extensions ['colcon_pkg']
[1.503s] Level 1:colcon.colcon_core.package_identification:_identify(rmf_demos) by extension 'colcon_pkg'
[1.503s] Level 1:colcon.colcon_core.package_identification:_identify(rmf_demos) by extensions ['colcon_meta']
[1.503s] Level 1:colcon.colcon_core.package_identification:_identify(rmf_demos) by extension 'colcon_meta'
[1.503s] Level 1:colcon.colcon_core.package_identification:_identify(rmf_demos) by extensions ['ros']
[1.503s] Level 1:colcon.colcon_core.package_identification:_identify(rmf_demos) by extension 'ros'
[1.511s] DEBUG:colcon.colcon_core.package_identification:Package 'rmf_demos' with type 'ros.ament_cmake' and name 'rmf_demos'
[1.513s] Level 1:colcon.colcon_core.package_identification:_identify(rmf_demos_assets) by extensions ['ignore', 'ignore_ament_install']
[1.513s] Level 1:colcon.colcon_core.package_identification:_identify(rmf_demos_assets) by extension 'ignore'
[1.513s] Level 1:colcon.colcon_core.package_identification:_identify(rmf_demos_assets) by extension 'ignore_ament_install'
[1.513s] Level 1:colcon.colcon_core.package_identification:_identify(rmf_demos_assets) by extensions ['colcon_pkg']
[1.513s] Level 1:colcon.colcon_core.package_identification:_identify(rmf_demos_assets) by extension 'colcon_pkg'
[1.513s] Level 1:colcon.colcon_core.package_identification:_identify(rmf_demos_assets) by extensions ['colcon_meta']
[1.513s] Level 1:colcon.colcon_core.package_identification:_identify(rmf_demos_assets) by extension 'colcon_meta'
[1.513s] Level 1:colcon.colcon_core.package_identification:_identify(rmf_demos_assets) by extensions ['ros']
[1.513s] Level 1:colcon.colcon_core.package_identification:_identify(rmf_demos_assets) by extension 'ros'
[1.515s] DEBUG:colcon.colcon_core.package_identification:Package 'rmf_demos_assets' with type 'ros.ament_cmake' and name 'rmf_demos_assets'
[1.516s] Level 1:colcon.colcon_core.package_identification:_identify(rmf_demos_bridges) by extensions ['ignore', 'ignore_ament_install']
[1.516s] Level 1:colcon.colcon_core.package_identification:_identify(rmf_demos_bridges) by extension 'ignore'
[1.517s] Level 1:colcon.colcon_core.package_identification:_identify(rmf_demos_bridges) by extension 'ignore_ament_install'
[1.517s] Level 1:colcon.colcon_core.package_identification:_identify(rmf_demos_bridges) by extensions ['colcon_pkg']
[1.517s] Level 1:colcon.colcon_core.package_identification:_identify(rmf_demos_bridges) by extension 'colcon_pkg'
[1.517s] Level 1:colcon.colcon_core.package_identification:_identify(rmf_demos_bridges) by extensions ['colcon_meta']
[1.517s] Level 1:colcon.colcon_core.package_identification:_identify(rmf_demos_bridges) by extension 'colcon_meta'
[1.517s] Level 1:colcon.colcon_core.package_identification:_identify(rmf_demos_bridges) by extensions ['ros']
[1.517s] Level 1:colcon.colcon_core.package_identification:_identify(rmf_demos_bridges) by extension 'ros'
[1.518s] DEBUG:colcon.colcon_core.package_identification:Package 'rmf_demos_bridges' with type 'ros.ament_python' and name 'rmf_demos_bridges'
[1.519s] Level 1:colcon.colcon_core.package_identification:_identify(rmf_demos_fleet_adapter) by extensions ['ignore', 'ignore_ament_install']
[1.519s] Level 1:colcon.colcon_core.package_identification:_identify(rmf_demos_fleet_adapter) by extension 'ignore'
[1.519s] Level 1:colcon.colcon_core.package_identification:_identify(rmf_demos_fleet_adapter) by extension 'ignore_ament_install'
[1.520s] Level 1:colcon.colcon_core.package_identification:_identify(rmf_demos_fleet_adapter) by extensions ['colcon_pkg']
[1.520s] Level 1:colcon.colcon_core.package_identification:_identify(rmf_demos_fleet_adapter) by extension 'colcon_pkg'
[1.520s] Level 1:colcon.colcon_core.package_identification:_identify(rmf_demos_fleet_adapter) by extensions ['colcon_meta']
[1.520s] Level 1:colcon.colcon_core.package_identification:_identify(rmf_demos_fleet_adapter) by extension 'colcon_meta'
[1.520s] Level 1:colcon.colcon_core.package_identification:_identify(rmf_demos_fleet_adapter) by extensions ['ros']
[1.520s] Level 1:colcon.colcon_core.package_identification:_identify(rmf_demos_fleet_adapter) by extension 'ros'
[1.522s] DEBUG:colcon.colcon_core.package_identification:Package 'rmf_demos_fleet_adapter' with type 'ros.ament_python' and name 'rmf_demos_fleet_adapter'
[1.524s] Level 1:colcon.colcon_core.package_identification:_identify(rmf_demos_gz) by extensions ['ignore', 'ignore_ament_install']
[1.524s] Level 1:colcon.colcon_core.package_identification:_identify(rmf_demos_gz) by extension 'ignore'
[1.524s] Level 1:colcon.colcon_core.package_identification:_identify(rmf_demos_gz) by extension 'ignore_ament_install'
[1.524s] Level 1:colcon.colcon_core.package_identification:_identify(rmf_demos_gz) by extensions ['colcon_pkg']
[1.524s] Level 1:colcon.colcon_core.package_identification:_identify(rmf_demos_gz) by extension 'colcon_pkg'
[1.524s] Level 1:colcon.colcon_core.package_identification:_identify(rmf_demos_gz) by extensions ['colcon_meta']
[1.524s] Level 1:colcon.colcon_core.package_identification:_identify(rmf_demos_gz) by extension 'colcon_meta'
[1.524s] Level 1:colcon.colcon_core.package_identification:_identify(rmf_demos_gz) by extensions ['ros']
[1.524s] Level 1:colcon.colcon_core.package_identification:_identify(rmf_demos_gz) by extension 'ros'
[1.526s] DEBUG:colcon.colcon_core.package_identification:Package 'rmf_demos_gz' with type 'ros.ament_cmake' and name 'rmf_demos_gz'
[1.526s] Level 1:colcon.colcon_core.package_identification:_identify(rmf_demos_maps) by extensions ['ignore', 'ignore_ament_install']
[1.526s] Level 1:colcon.colcon_core.package_identification:_identify(rmf_demos_maps) by extension 'ignore'
[1.526s] Level 1:colcon.colcon_core.package_identification:_identify(rmf_demos_maps) by extension 'ignore_ament_install'
[1.526s] Level 1:colcon.colcon_core.package_identification:_identify(rmf_demos_maps) by extensions ['colcon_pkg']
[1.526s] Level 1:colcon.colcon_core.package_identification:_identify(rmf_demos_maps) by extension 'colcon_pkg'
[1.526s] Level 1:colcon.colcon_core.package_identification:_identify(rmf_demos_maps) by extensions ['colcon_meta']
[1.526s] Level 1:colcon.colcon_core.package_identification:_identify(rmf_demos_maps) by extension 'colcon_meta'
[1.526s] Level 1:colcon.colcon_core.package_identification:_identify(rmf_demos_maps) by extensions ['ros']
[1.526s] Level 1:colcon.colcon_core.package_identification:_identify(rmf_demos_maps) by extension 'ros'
[1.527s] DEBUG:colcon.colcon_core.package_identification:Package 'rmf_demos_maps' with type 'ros.ament_cmake' and name 'rmf_demos_maps'
[1.530s] Level 1:colcon.colcon_core.package_identification:_identify(rmf_demos_tasks) by extensions ['ignore', 'ignore_ament_install']
[1.530s] Level 1:colcon.colcon_core.package_identification:_identify(rmf_demos_tasks) by extension 'ignore'
[1.530s] Level 1:colcon.colcon_core.package_identification:_identify(rmf_demos_tasks) by extension 'ignore_ament_install'
[1.530s] Level 1:colcon.colcon_core.package_identification:_identify(rmf_demos_tasks) by extensions ['colcon_pkg']
[1.530s] Level 1:colcon.colcon_core.package_identification:_identify(rmf_demos_tasks) by extension 'colcon_pkg'
[1.530s] Level 1:colcon.colcon_core.package_identification:_identify(rmf_demos_tasks) by extensions ['colcon_meta']
[1.530s] Level 1:colcon.colcon_core.package_identification:_identify(rmf_demos_tasks) by extension 'colcon_meta'
[1.530s] Level 1:colcon.colcon_core.package_identification:_identify(rmf_demos_tasks) by extensions ['ros']
[1.530s] Level 1:colcon.colcon_core.package_identification:_identify(rmf_demos_tasks) by extension 'ros'
[1.531s] DEBUG:colcon.colcon_core.package_identification:Package 'rmf_demos_tasks' with type 'ros.ament_python' and name 'rmf_demos_tasks'
[1.532s] Level 1:colcon.colcon_core.package_discovery:discover_packages(recursive) using defaults
[1.532s] Level 1:colcon.colcon_core.package_discovery:discover_packages(ignore) discover
[1.532s] Level 1:colcon.colcon_core.package_discovery:discover_packages(ignore) using defaults
[1.532s] Level 1:colcon.colcon_core.package_discovery:discover_packages(path) discover
[1.532s] Level 1:colcon.colcon_core.package_discovery:discover_packages(path) using defaults
[1.590s] INFO:colcon.colcon_core.package_selection:Skipping package 'rmf_demos_assets' in 'rmf_demos_assets'
[1.590s] INFO:colcon.colcon_core.package_selection:Skipping package 'rmf_demos_bridges' in 'rmf_demos_bridges'
[1.590s] INFO:colcon.colcon_core.package_selection:Skipping package 'rmf_demos_fleet_adapter' in 'rmf_demos_fleet_adapter'
[1.590s] INFO:colcon.colcon_core.package_selection:Skipping package 'rmf_demos_tasks' in 'rmf_demos_tasks'
[1.592s] Level 1:colcon.colcon_core.package_discovery:discover_packages(prefix_path) check parameters
[1.592s] Level 1:colcon.colcon_core.package_discovery:discover_packages(prefix_path) discover
[1.603s] DEBUG:colcon.colcon_installed_package_information.package_discovery:Found 306 installed packages in /opt/ros/jazzy
[1.605s] Level 1:colcon.colcon_core.package_discovery:discover_packages(prefix_path) using defaults
[1.659s] Level 5:colcon.colcon_core.verb:set package 'rmf_demos_maps' build argument 'cmake_args' from command line to '['-DCMAKE_BUILD_TYPE=Release']'
[1.659s] Level 5:colcon.colcon_core.verb:set package 'rmf_demos_maps' build argument 'cmake_target' from command line to 'None'
[1.659s] Level 5:colcon.colcon_core.verb:set package 'rmf_demos_maps' build argument 'cmake_target_skip_unavailable' from command line to 'False'
[1.659s] Level 5:colcon.colcon_core.verb:set package 'rmf_demos_maps' build argument 'cmake_clean_cache' from command line to 'False'
[1.659s] Level 5:colcon.colcon_core.verb:set package 'rmf_demos_maps' build argument 'cmake_clean_first' from command line to 'False'
[1.660s] Level 5:colcon.colcon_core.verb:set package 'rmf_demos_maps' build argument 'cmake_force_configure' from command line to 'False'
[1.660s] Level 5:colcon.colcon_core.verb:set package 'rmf_demos_maps' build argument 'ament_cmake_args' from command line to 'None'
[1.660s] Level 5:colcon.colcon_core.verb:set package 'rmf_demos_maps' build argument 'catkin_cmake_args' from command line to 'None'
[1.660s] Level 5:colcon.colcon_core.verb:set package 'rmf_demos_maps' build argument 'catkin_skip_building_tests' from command line to 'False'
[1.660s] DEBUG:colcon.colcon_core.verb:Building package 'rmf_demos_maps' with the following arguments: {'ament_cmake_args': None, 'build_base': '/root/rmf_ws/src/demonstrations/rmf_demos/build/rmf_demos_maps', 'catkin_cmake_args': None, 'catkin_skip_building_tests': False, 'cmake_args': ['-DCMAKE_BUILD_TYPE=Release'], 'cmake_clean_cache': False, 'cmake_clean_first': False, 'cmake_force_configure': False, 'cmake_target': None, 'cmake_target_skip_unavailable': False, 'install_base': '/root/rmf_ws/src/demonstrations/rmf_demos/install/rmf_demos_maps', 'merge_install': False, 'path': '/root/rmf_ws/src/demonstrations/rmf_demos/rmf_demos_maps', 'symlink_install': False, 'test_result_base': None}
[1.660s] Level 5:colcon.colcon_core.verb:set package 'rmf_demos' build argument 'cmake_args' from command line to '['-DCMAKE_BUILD_TYPE=Release']'
[1.660s] Level 5:colcon.colcon_core.verb:set package 'rmf_demos' build argument 'cmake_target' from command line to 'None'
[1.660s] Level 5:colcon.colcon_core.verb:set package 'rmf_demos' build argument 'cmake_target_skip_unavailable' from command line to 'False'
[1.660s] Level 5:colcon.colcon_core.verb:set package 'rmf_demos' build argument 'cmake_clean_cache' from command line to 'False'
[1.660s] Level 5:colcon.colcon_core.verb:set package 'rmf_demos' build argument 'cmake_clean_first' from command line to 'False'
[1.660s] Level 5:colcon.colcon_core.verb:set package 'rmf_demos' build argument 'cmake_force_configure' from command line to 'False'
[1.660s] Level 5:colcon.colcon_core.verb:set package 'rmf_demos' build argument 'ament_cmake_args' from command line to 'None'
[1.660s] Level 5:colcon.colcon_core.verb:set package 'rmf_demos' build argument 'catkin_cmake_args' from command line to 'None'
[1.660s] Level 5:colcon.colcon_core.verb:set package 'rmf_demos' build argument 'catkin_skip_building_tests' from command line to 'False'
[1.660s] DEBUG:colcon.colcon_core.verb:Building package 'rmf_demos' with the following arguments: {'ament_cmake_args': None, 'build_base': '/root/rmf_ws/src/demonstrations/rmf_demos/build/rmf_demos', 'catkin_cmake_args': None, 'catkin_skip_building_tests': False, 'cmake_args': ['-DCMAKE_BUILD_TYPE=Release'], 'cmake_clean_cache': False, 'cmake_clean_first': False, 'cmake_force_configure': False, 'cmake_target': None, 'cmake_target_skip_unavailable': False, 'install_base': '/root/rmf_ws/src/demonstrations/rmf_demos/install/rmf_demos', 'merge_install': False, 'path': '/root/rmf_ws/src/demonstrations/rmf_demos/rmf_demos', 'symlink_install': False, 'test_result_base': None}
[1.660s] Level 5:colcon.colcon_core.verb:set package 'rmf_demos_gz' build argument 'cmake_args' from command line to '['-DCMAKE_BUILD_TYPE=Release']'
[1.660s] Level 5:colcon.colcon_core.verb:set package 'rmf_demos_gz' build argument 'cmake_target' from command line to 'None'
[1.660s] Level 5:colcon.colcon_core.verb:set package 'rmf_demos_gz' build argument 'cmake_target_skip_unavailable' from command line to 'False'
[1.661s] Level 5:colcon.colcon_core.verb:set package 'rmf_demos_gz' build argument 'cmake_clean_cache' from command line to 'False'
[1.661s] Level 5:colcon.colcon_core.verb:set package 'rmf_demos_gz' build argument 'cmake_clean_first' from command line to 'False'
[1.661s] Level 5:colcon.colcon_core.verb:set package 'rmf_demos_gz' build argument 'cmake_force_configure' from command line to 'False'
[1.661s] Level 5:colcon.colcon_core.verb:set package 'rmf_demos_gz' build argument 'ament_cmake_args' from command line to 'None'
[1.661s] Level 5:colcon.colcon_core.verb:set package 'rmf_demos_gz' build argument 'catkin_cmake_args' from command line to 'None'
[1.661s] Level 5:colcon.colcon_core.verb:set package 'rmf_demos_gz' build argument 'catkin_skip_building_tests' from command line to 'False'
[1.661s] DEBUG:colcon.colcon_core.verb:Building package 'rmf_demos_gz' with the following arguments: {'ament_cmake_args': None, 'build_base': '/root/rmf_ws/src/demonstrations/rmf_demos/build/rmf_demos_gz', 'catkin_cmake_args': None, 'catkin_skip_building_tests': False, 'cmake_args': ['-DCMAKE_BUILD_TYPE=Release'], 'cmake_clean_cache': False, 'cmake_clean_first': False, 'cmake_force_configure': False, 'cmake_target': None, 'cmake_target_skip_unavailable': False, 'install_base': '/root/rmf_ws/src/demonstrations/rmf_demos/install/rmf_demos_gz', 'merge_install': False, 'path': '/root/rmf_ws/src/demonstrations/rmf_demos/rmf_demos_gz', 'symlink_install': False, 'test_result_base': None}
[1.661s] INFO:colcon.colcon_core.executor:Executing jobs using 'parallel' executor
[1.662s] DEBUG:colcon.colcon_parallel_executor.executor.parallel:run_until_complete
[1.663s] INFO:colcon.colcon_ros.task.ament_cmake.build:Building ROS package in '/root/rmf_ws/src/demonstrations/rmf_demos/rmf_demos_maps' with build type 'ament_cmake'
[1.663s] INFO:colcon.colcon_cmake.task.cmake.build:Building CMake package in '/root/rmf_ws/src/demonstrations/rmf_demos/rmf_demos_maps'
[1.683s] INFO:colcon.colcon_core.plugin_system:Skipping extension 'colcon_core.shell.bat': Not used on non-Windows systems
[1.683s] INFO:colcon.colcon_core.shell:Skip shell extension 'powershell' for command environment: Not usable outside of PowerShell
[1.683s] DEBUG:colcon.colcon_core.shell:Skip shell extension 'dsv' for command environment
[1.693s] DEBUG:colcon.colcon_core.event_handler.log_command:Invoking command in '/root/rmf_ws/src/demonstrations/rmf_demos/build/rmf_demos_maps': CMAKE_PREFIX_PATH=${CMAKE_PREFIX_PATH}:/opt/ros/jazzy /usr/bin/cmake /root/rmf_ws/src/demonstrations/rmf_demos/rmf_demos_maps -DCMAKE_BUILD_TYPE=Release -DCMAKE_INSTALL_PREFIX=/root/rmf_ws/src/demonstrations/rmf_demos/install/rmf_demos_maps
[6.058s] DEBUG:colcon.colcon_core.event_handler.log_command:Invoked command in '/root/rmf_ws/src/demonstrations/rmf_demos/build/rmf_demos_maps' returned '0': CMAKE_PREFIX_PATH=${CMAKE_PREFIX_PATH}:/opt/ros/jazzy /usr/bin/cmake /root/rmf_ws/src/demonstrations/rmf_demos/rmf_demos_maps -DCMAKE_BUILD_TYPE=Release -DCMAKE_INSTALL_PREFIX=/root/rmf_ws/src/demonstrations/rmf_demos/install/rmf_demos_maps
[6.060s] DEBUG:colcon.colcon_core.event_handler.log_command:Invoking command in '/root/rmf_ws/src/demonstrations/rmf_demos/build/rmf_demos_maps': CMAKE_PREFIX_PATH=${CMAKE_PREFIX_PATH}:/opt/ros/jazzy /usr/bin/cmake --build /root/rmf_ws/src/demonstrations/rmf_demos/build/rmf_demos_maps -- -j4 -l4
[6.493s] DEBUG:colcon.colcon_core.event_handler.log_command:Invoked command in '/root/rmf_ws/src/demonstrations/rmf_demos/build/rmf_demos_maps' returned '2': CMAKE_PREFIX_PATH=${CMAKE_PREFIX_PATH}:/opt/ros/jazzy /usr/bin/cmake --build /root/rmf_ws/src/demonstrations/rmf_demos/build/rmf_demos_maps -- -j4 -l4
[6.529s] Level 1:colcon.colcon_core.environment:create_environment_scripts_only(rmf_demos_maps)
[6.580s] Level 1:colcon.colcon_core.environment:checking '/root/rmf_ws/src/demonstrations/rmf_demos/install/rmf_demos_maps' for CMake module files
[6.584s] Level 1:colcon.colcon_core.environment:checking '/root/rmf_ws/src/demonstrations/rmf_demos/install/rmf_demos_maps' for CMake config files
[6.603s] Level 1:colcon.colcon_core.environment:checking '/root/rmf_ws/src/demonstrations/rmf_demos/install/rmf_demos_maps/bin'
[6.603s] Level 1:colcon.colcon_core.environment:checking '/root/rmf_ws/src/demonstrations/rmf_demos/install/rmf_demos_maps/lib/pkgconfig/rmf_demos_maps.pc'
[6.603s] Level 1:colcon.colcon_core.environment:checking '/root/rmf_ws/src/demonstrations/rmf_demos/install/rmf_demos_maps/lib/python3.12/site-packages'
[6.603s] Level 1:colcon.colcon_core.environment:checking '/root/rmf_ws/src/demonstrations/rmf_demos/install/rmf_demos_maps/bin'
[6.603s] INFO:colcon.colcon_core.shell:Creating package script '/root/rmf_ws/src/demonstrations/rmf_demos/install/rmf_demos_maps/share/rmf_demos_maps/package.ps1'
[6.606s] INFO:colcon.colcon_core.shell:Creating package descriptor '/root/rmf_ws/src/demonstrations/rmf_demos/install/rmf_demos_maps/share/rmf_demos_maps/package.dsv'
[6.608s] INFO:colcon.colcon_core.shell:Creating package script '/root/rmf_ws/src/demonstrations/rmf_demos/install/rmf_demos_maps/share/rmf_demos_maps/package.sh'
[6.609s] INFO:colcon.colcon_core.shell:Creating package script '/root/rmf_ws/src/demonstrations/rmf_demos/install/rmf_demos_maps/share/rmf_demos_maps/package.bash'
[6.617s] INFO:colcon.colcon_core.shell:Creating package script '/root/rmf_ws/src/demonstrations/rmf_demos/install/rmf_demos_maps/share/rmf_demos_maps/package.zsh'
[6.620s] Level 1:colcon.colcon_core.environment:create_file_with_runtime_dependencies(/root/rmf_ws/src/demonstrations/rmf_demos/install/rmf_demos_maps/share/colcon-core/packages/rmf_demos_maps)
[6.620s] DEBUG:colcon.colcon_parallel_executor.executor.parallel:closing loop
[6.621s] DEBUG:colcon.colcon_parallel_executor.executor.parallel:loop closed
[6.621s] DEBUG:colcon.colcon_parallel_executor.executor.parallel:run_until_complete finished with '2'
[6.621s] DEBUG:colcon.colcon_core.event_reactor:joining thread
[6.647s] INFO:colcon.colcon_core.plugin_system:Skipping extension 'colcon_notification.desktop_notification.notify_send': Could not find 'notify-send'
[6.647s] INFO:colcon.colcon_core.plugin_system:Skipping extension 'colcon_notification.desktop_notification.terminal_notifier': Not used on non-Darwin systems
[6.647s] INFO:colcon.colcon_core.plugin_system:Skipping extension 'colcon_notification.desktop_notification.win32': Not used on non-Windows systems
[6.648s] INFO:colcon.colcon_notification.desktop_notification:Sending desktop notification using 'notify2'
[6.648s] DEBUG:colcon.colcon_notification.desktop_notification.notify2:Failed to initialize notify2: org.freedesktop.DBus.Error.NotSupported: Unable to autolaunch a dbus-daemon without a $DISPLAY for X11
[6.648s] DEBUG:colcon.colcon_core.event_reactor:joined thread
[6.648s] INFO:colcon.colcon_core.shell:Creating prefix script '/root/rmf_ws/src/demonstrations/rmf_demos/install/local_setup.ps1'
[6.652s] INFO:colcon.colcon_core.shell:Creating prefix util module '/root/rmf_ws/src/demonstrations/rmf_demos/install/_local_setup_util_ps1.py'
[6.654s] INFO:colcon.colcon_core.shell:Creating prefix chain script '/root/rmf_ws/src/demonstrations/rmf_demos/install/setup.ps1'
[6.655s] INFO:colcon.colcon_core.shell:Creating prefix script '/root/rmf_ws/src/demonstrations/rmf_demos/install/local_setup.sh'
[6.657s] INFO:colcon.colcon_core.shell:Creating prefix util module '/root/rmf_ws/src/demonstrations/rmf_demos/install/_local_setup_util_sh.py'
[6.657s] INFO:colcon.colcon_core.shell:Creating prefix chain script '/root/rmf_ws/src/demonstrations/rmf_demos/install/setup.sh'
[6.659s] INFO:colcon.colcon_core.shell:Creating prefix script '/root/rmf_ws/src/demonstrations/rmf_demos/install/local_setup.bash'
[6.668s] INFO:colcon.colcon_core.shell:Creating prefix chain script '/root/rmf_ws/src/demonstrations/rmf_demos/install/setup.bash'
[6.670s] INFO:colcon.colcon_core.shell:Creating prefix script '/root/rmf_ws/src/demonstrations/rmf_demos/install/local_setup.zsh'
[6.672s] INFO:colcon.colcon_core.shell:Creating prefix chain script '/root/rmf_ws/src/demonstrations/rmf_demos/install/setup.zsh'
